<?xml version="1.0" encoding="UTF-8"?>
<!-- Generated by org.testng.reporters.JUnitXMLReporter -->
<testsuite ignored="1" hostname="LAPTOP-74RFISKR" failures="0" tests="1" name="Default test" time="0.067" errors="0" timestamp="2022-06-06T23:17:25 IST">
  <testcase classname="qaclickacademy.Mavenjava.SelenuimTest" name="BrowserAutomationTest" time="0.011"/>
  <testcase classname="qaclickacademy.Mavenjava.SelenuimTest" name="elementsUiTest" time="0.0">
    <ignored/>
  </testcase> <!-- elementsUiTest -->
</testsuite> <!-- Default test -->
