<?xml version="1.0" encoding="UTF-8"?>
<!-- Generated by org.testng.reporters.JUnitXMLReporter -->
<testsuite ignored="0" hostname="LAPTOP-74RFISKR" failures="0" tests="4" name="Test" time="0.079" errors="0" timestamp="2022-06-07T11:59:20 IST">
  <testcase classname="qaclickacademy.Mavenjava.SelenuimTest" name="BrowserAutomationTest" time="0.007"/>
  <testcase classname="qaclickacademy.Mavenjava.SelenuimTest" name="elementsUiTest" time="0.001"/>
  <testcase classname="qaclickacademy.Mavenjava.RestApiTest" name="deleteTwitterTest" time="0.001"/>
  <testcase classname="qaclickacademy.Mavenjava.RestApiTest" name="postJiraTest" time="0.0"/>
</testsuite> <!-- Test -->
