<?xml version="1.0" encoding="UTF-8"?>
<testng-results ignored="0" total="4" passed="4" failed="0" skipped="0">
  <reporter-output>
  </reporter-output>
  <suite started-at="2022-06-07T11:59:20 IST" name="Suite" finished-at="2022-06-07T11:59:20 IST" duration-ms="79">
    <groups>
    </groups>
    <test started-at="2022-06-07T11:59:20 IST" name="Test" finished-at="2022-06-07T11:59:20 IST" duration-ms="79">
      <class name="qaclickacademy.Mavenjava.SelenuimTest">
        <test-method signature="BrowserAutomationTest()[pri:0, instance:qaclickacademy.Mavenjava.SelenuimTest@25fb8912]" started-at="2022-06-07T11:59:20 IST" name="BrowserAutomationTest" finished-at="2022-06-07T11:59:20 IST" duration-ms="7" status="PASS">
          <reporter-output>
          </reporter-output>
        </test-method> <!-- BrowserAutomationTest -->
        <test-method signature="elementsUiTest()[pri:0, instance:qaclickacademy.Mavenjava.SelenuimTest@25fb8912]" started-at="2022-06-07T11:59:20 IST" name="elementsUiTest" finished-at="2022-06-07T11:59:20 IST" duration-ms="1" status="PASS">
          <reporter-output>
          </reporter-output>
        </test-method> <!-- elementsUiTest -->
      </class> <!-- qaclickacademy.Mavenjava.SelenuimTest -->
      <class name="qaclickacademy.Mavenjava.RestApiTest">
        <test-method signature="deleteTwitterTest()[pri:0, instance:qaclickacademy.Mavenjava.RestApiTest@43dac38f]" started-at="2022-06-07T11:59:20 IST" name="deleteTwitterTest" finished-at="2022-06-07T11:59:20 IST" duration-ms="1" status="PASS">
          <reporter-output>
          </reporter-output>
        </test-method> <!-- deleteTwitterTest -->
        <test-method signature="postJiraTest()[pri:0, instance:qaclickacademy.Mavenjava.RestApiTest@43dac38f]" started-at="2022-06-07T11:59:20 IST" name="postJiraTest" finished-at="2022-06-07T11:59:20 IST" duration-ms="0" status="PASS">
          <reporter-output>
          </reporter-output>
        </test-method> <!-- postJiraTest -->
      </class> <!-- qaclickacademy.Mavenjava.RestApiTest -->
    </test> <!-- Test -->
  </suite> <!-- Suite -->
</testng-results>
