<?xml version="1.0" encoding="UTF-8"?>
<testng-results ignored="1" total="2" passed="1" failed="0" skipped="0">
  <reporter-output>
  </reporter-output>
  <suite started-at="2022-06-06T23:17:25 IST" name="Default suite" finished-at="2022-06-06T23:17:25 IST" duration-ms="67">
    <groups>
    </groups>
    <test started-at="2022-06-06T23:17:25 IST" name="Default test" finished-at="2022-06-06T23:17:25 IST" duration-ms="67">
      <class name="qaclickacademy.Mavenjava.SelenuimTest">
        <test-method signature="BrowserAutomationTest()[pri:0, instance:qaclickacademy.Mavenjava.SelenuimTest@35aea049]" started-at="2022-06-06T23:17:25 IST" name="BrowserAutomationTest" finished-at="2022-06-06T23:17:25 IST" duration-ms="11" status="PASS">
          <reporter-output>
          </reporter-output>
        </test-method> <!-- BrowserAutomationTest -->
      </class> <!-- qaclickacademy.Mavenjava.SelenuimTest -->
    </test> <!-- Default test -->
  </suite> <!-- Default suite -->
</testng-results>
